[{"line":3,"elements":[{"start_timestamp":"2024-08-24T19:07:33.878Z","before":[{"result":{"error_message":"org.openqa.selenium.remote.NoSuchDriverException: Unable to obtain: Capabilities {browserName: chrome, goog:chromeOptions: {args: [--remote-allow-origins=*], extensions: []}}, error Command failed with code: 65, executed: [--browser, chrome, --output, json]\nerror sending request for url (https://googlechromelabs.github.io/chrome-for-testing/known-good-versions-with-downloads.json): error trying to connect: dns error: No such host is known. (os error 11001)\nBuild info: version: '4.12.1', revision: '8e34639b11'\nSystem info: os.name: 'Windows 10', os.arch: 'amd64', os.version: '10.0', java.version: '22.0.2'\nDriver info: driver.version: ChromeDriver\r\n\tat org.openqa.selenium.remote.service.DriverFinder.getPath(DriverFinder.java:25)\r\n\tat org.openqa.selenium.remote.service.DriverFinder.getPath(DriverFinder.java:13)\r\n\tat org.openqa.selenium.chrome.ChromeDriver.generateExecutor(ChromeDriver.java:99)\r\n\tat org.openqa.selenium.chrome.ChromeDriver.<init>(ChromeDriver.java:88)\r\n\tat org.openqa.selenium.chrome.ChromeDriver.<init>(ChromeDriver.java:83)\r\n\tat org.openqa.selenium.chrome.ChromeDriver.<init>(ChromeDriver.java:51)\r\n\tat com.automation.driver.manager.ChromeDriverManager.createDriver(ChromeDriverManager.java:10)\r\n\tat com.automation.driver.factory.DriverFactory.createInstance(DriverFactory.java:18)\r\n\tat Hooks.setup(Hooks.java:20)\r\nCaused by: org.openqa.selenium.WebDriverException: Command failed with code: 65, executed: [--browser, chrome, --output, json]\nerror sending request for url (https://googlechromelabs.github.io/chrome-for-testing/known-good-versions-with-downloads.json): error trying to connect: dns error: No such host is known. (os error 11001)\nBuild info: version: '4.12.1', revision: '8e34639b11'\nSystem info: os.name: 'Windows 10', os.arch: 'amd64', os.version: '10.0', java.version: '22.0.2'\nDriver info: driver.version: ChromeDriver\r\n\tat org.openqa.selenium.manager.SeleniumManager.runCommand(SeleniumManager.java:144)\r\n\tat org.openqa.selenium.manager.SeleniumManager.getDriverPath(SeleniumManager.java:299)\r\n\tat org.openqa.selenium.remote.service.DriverFinder.getPath(DriverFinder.java:22)\r\n\tat org.openqa.selenium.remote.service.DriverFinder.getPath(DriverFinder.java:13)\r\n\tat org.openqa.selenium.chrome.ChromeDriver.generateExecutor(ChromeDriver.java:99)\r\n\tat org.openqa.selenium.chrome.ChromeDriver.<init>(ChromeDriver.java:88)\r\n\tat org.openqa.selenium.chrome.ChromeDriver.<init>(ChromeDriver.java:83)\r\n\tat org.openqa.selenium.chrome.ChromeDriver.<init>(ChromeDriver.java:51)\r\n\tat com.automation.driver.manager.ChromeDriverManager.createDriver(ChromeDriverManager.java:10)\r\n\tat com.automation.driver.factory.DriverFactory.createInstance(DriverFactory.java:18)\r\n\tat Hooks.setup(Hooks.java:20)\r\n\tat java.base/jdk.internal.reflect.DirectMethodHandleAccessor.invoke(DirectMethodHandleAccessor.java:103)\r\n\tat java.base/java.lang.reflect.Method.invoke(Method.java:580)\r\n\tat io.cucumber.java.Invoker.doInvoke(Invoker.java:66)\r\n\tat io.cucumber.java.Invoker.invoke(Invoker.java:24)\r\n\tat io.cucumber.java.AbstractGlueDefinition.invokeMethod(AbstractGlueDefinition.java:47)\r\n\tat io.cucumber.java.JavaHookDefinition.execute(JavaHookDefinition.java:64)\r\n\tat io.cucumber.core.runner.CoreHookDefinition.execute(CoreHookDefinition.java:46)\r\n\tat io.cucumber.core.runner.HookDefinitionMatch.runStep(HookDefinitionMatch.java:21)\r\n\tat io.cucumber.core.runner.ExecutionMode$1.execute(ExecutionMode.java:10)\r\n\tat io.cucumber.core.runner.TestStep.executeStep(TestStep.java:81)\r\n\tat io.cucumber.core.runner.TestStep.run(TestStep.java:53)\r\n\tat io.cucumber.core.runner.TestCase.run(TestCase.java:78)\r\n\tat io.cucumber.core.runner.Runner.runPickle(Runner.java:75)\r\n\tat io.cucumber.junit.PickleRunners$NoStepDescriptions.lambda$run$0(PickleRunners.java:151)\r\n\tat io.cucumber.core.runtime.CucumberExecutionContext.lambda$runTestCase$5(CucumberExecutionContext.java:136)\r\n\tat io.cucumber.core.runtime.RethrowingThrowableCollector.executeAndThrow(RethrowingThrowableCollector.java:23)\r\n\tat io.cucumber.core.runtime.CucumberExecutionContext.runTestCase(CucumberExecutionContext.java:136)\r\n\tat io.cucumber.junit.PickleRunners$NoStepDescriptions.run(PickleRunners.java:148)\r\n\tat io.cucumber.junit.FeatureRunner.runChild(FeatureRunner.java:144)\r\n\tat io.cucumber.junit.FeatureRunner.runChild(FeatureRunner.java:28)\r\n\tat org.junit.runners.ParentRunner$4.run(ParentRunner.java:331)\r\n\tat org.junit.runners.ParentRunner$1.schedule(ParentRunner.java:79)\r\n\tat org.junit.runners.ParentRunner.runChildren(ParentRunner.java:329)\r\n\tat org.junit.runners.ParentRunner.access$100(ParentRunner.java:66)\r\n\tat org.junit.runners.ParentRunner$2.evaluate(ParentRunner.java:293)\r\n\tat org.junit.runners.ParentRunner$3.evaluate(ParentRunner.java:306)\r\n\tat org.junit.runners.ParentRunner.run(ParentRunner.java:413)\r\n\tat io.cucumber.junit.FeatureRunner.run(FeatureRunner.java:137)\r\n\tat io.cucumber.junit.Cucumber.runChild(Cucumber.java:196)\r\n\tat io.cucumber.junit.Cucumber.runChild(Cucumber.java:89)\r\n\tat org.junit.runners.ParentRunner$4.run(ParentRunner.java:331)\r\n\tat org.junit.runners.ParentRunner$1.schedule(ParentRunner.java:79)\r\n\tat org.junit.runners.ParentRunner.runChildren(ParentRunner.java:329)\r\n\tat org.junit.runners.ParentRunner.access$100(ParentRunner.java:66)\r\n\tat org.junit.runners.ParentRunner$2.evaluate(ParentRunner.java:293)\r\n\tat io.cucumber.core.runtime.CucumberExecutionContext.lambda$runFeatures$6(CucumberExecutionContext.java:147)\r\n\tat io.cucumber.core.runtime.CucumberExecutionContext.execute(CucumberExecutionContext.java:162)\r\n\tat io.cucumber.core.runtime.CucumberExecutionContext.runFeatures(CucumberExecutionContext.java:145)\r\n\tat io.cucumber.junit.Cucumber$StartAndFinishTestRun.evaluate(Cucumber.java:226)\r\n\tat org.junit.runners.ParentRunner$3.evaluate(ParentRunner.java:306)\r\n\tat org.junit.runners.ParentRunner.run(ParentRunner.java:413)\r\n\tat org.junit.runner.JUnitCore.run(JUnitCore.java:137)\r\n\tat com.intellij.junit4.JUnit4IdeaTestRunner.startRunnerWithArgs(JUnit4IdeaTestRunner.java:69)\r\n\tat com.intellij.rt.junit.IdeaTestRunner$Repeater$1.execute(IdeaTestRunner.java:38)\r\n\tat com.intellij.rt.execution.junit.TestsRepeater.repeat(TestsRepeater.java:11)\r\n\tat com.intellij.rt.junit.IdeaTestRunner$Repeater.startRunnerWithArgs(IdeaTestRunner.java:35)\r\n\tat com.intellij.rt.junit.JUnitStarter.prepareStreamsAndStart(JUnitStarter.java:232)\r\n\tat com.intellij.rt.junit.JUnitStarter.main(JUnitStarter.java:55)\r\n","duration":11735059100,"status":"failed"},"match":{"location":"Hooks.setup()"}}],"line":4,"name":"User with valid credentials","description":"","id":"login;user-with-valid-credentials","after":[{"result":{"error_message":"java.lang.NullPointerException: Cannot invoke \"org.openqa.selenium.WebDriver.quit()\" because \"this.driver\" is null\r\n\tat Hooks.closure(Hooks.java:34)\r\n","status":"failed"},"match":{"location":"Hooks.closure()"}}],"type":"scenario","keyword":"Scenario","steps":[{"result":{"status":"skipped"},"before":[{"result":{"status":"skipped"},"match":{"location":"com.automation.stepdefinitions.LoginStepdefs.startup(io.cucumber.java.Scenario)"}},{"result":{"status":"skipped"},"match":{"location":"com.automation.stepdefinitions.RegisterStepdefs.startup(io.cucumber.java.Scenario)"}}],"line":5,"name":"I have the parabank website URL","match":{"location":"com.automation.stepdefinitions.LoginStepdefs.iHaveTheParabankWebsiteURL()"},"keyword":"Given "},{"result":{"status":"skipped"},"before":[{"result":{"status":"skipped"},"match":{"location":"com.automation.stepdefinitions.LoginStepdefs.startup(io.cucumber.java.Scenario)"}},{"result":{"status":"skipped"},"match":{"location":"com.automation.stepdefinitions.RegisterStepdefs.startup(io.cucumber.java.Scenario)"}}],"line":6,"name":"I enter the username as \"mavusana\"","match":{"arguments":[{"val":"\"mavusana\"","offset":24}],"location":"com.automation.stepdefinitions.LoginStepdefs.iEnterTheUsernameAs(java.lang.String)"},"keyword":"When "},{"result":{"status":"skipped"},"before":[{"result":{"status":"skipped"},"match":{"location":"com.automation.stepdefinitions.LoginStepdefs.startup(io.cucumber.java.Scenario)"}},{"result":{"status":"skipped"},"match":{"location":"com.automation.stepdefinitions.RegisterStepdefs.startup(io.cucumber.java.Scenario)"}}],"line":7,"name":"I enter the password as \"kamo\"","match":{"arguments":[{"val":"\"kamo\"","offset":24}],"location":"com.automation.stepdefinitions.LoginStepdefs.iEnterThePasswordAs(java.lang.String)"},"keyword":"And "},{"result":{"status":"skipped"},"before":[{"result":{"status":"skipped"},"match":{"location":"com.automation.stepdefinitions.LoginStepdefs.startup(io.cucumber.java.Scenario)"}},{"result":{"status":"skipped"},"match":{"location":"com.automation.stepdefinitions.RegisterStepdefs.startup(io.cucumber.java.Scenario)"}}],"line":8,"name":"I click the login button","match":{"location":"com.automation.stepdefinitions.LoginStepdefs.iClickTheLoginButton()"},"keyword":"And "},{"result":{"status":"skipped"},"before":[{"result":{"status":"skipped"},"match":{"location":"com.automation.stepdefinitions.LoginStepdefs.startup(io.cucumber.java.Scenario)"}},{"result":{"status":"skipped"},"match":{"location":"com.automation.stepdefinitions.RegisterStepdefs.startup(io.cucumber.java.Scenario)"}}],"line":9,"name":"The system displays the home page","match":{"location":"com.automation.stepdefinitions.LoginStepdefs.theSystemDisplaysTheHomePage()"},"keyword":"Then "},{"result":{"status":"skipped"},"before":[{"result":{"status":"skipped"},"match":{"location":"com.automation.stepdefinitions.LoginStepdefs.startup(io.cucumber.java.Scenario)"}},{"result":{"status":"skipped"},"match":{"location":"com.automation.stepdefinitions.RegisterStepdefs.startup(io.cucumber.java.Scenario)"}}],"line":10,"name":"the system displays a message \"Welcome Vusi Pelo\"","match":{"arguments":[{"val":"\"Welcome Vusi Pelo\"","offset":30}],"location":"com.automation.stepdefinitions.LoginStepdefs.theSystemDisplaysAMessage(java.lang.String)"},"keyword":"And "}],"tags":[{"name":"@login"},{"name":"@smoke"},{"name":"@regression"}]},{"start_timestamp":"2024-08-24T19:07:45.908Z","before":[{"result":{"error_message":"org.openqa.selenium.remote.NoSuchDriverException: Unable to obtain: Capabilities {browserName: chrome, goog:chromeOptions: {args: [--remote-allow-origins=*], extensions: []}}, error Command failed with code: 65, executed: [--browser, chrome, --output, json]\nerror sending request for url (https://googlechromelabs.github.io/chrome-for-testing/known-good-versions-with-downloads.json): error trying to connect: dns error: No such host is known. (os error 11001)\nBuild info: version: '4.12.1', revision: '8e34639b11'\nSystem info: os.name: 'Windows 10', os.arch: 'amd64', os.version: '10.0', java.version: '22.0.2'\nDriver info: driver.version: ChromeDriver\r\n\tat org.openqa.selenium.remote.service.DriverFinder.getPath(DriverFinder.java:25)\r\n\tat org.openqa.selenium.remote.service.DriverFinder.getPath(DriverFinder.java:13)\r\n\tat org.openqa.selenium.chrome.ChromeDriver.generateExecutor(ChromeDriver.java:99)\r\n\tat org.openqa.selenium.chrome.ChromeDriver.<init>(ChromeDriver.java:88)\r\n\tat org.openqa.selenium.chrome.ChromeDriver.<init>(ChromeDriver.java:83)\r\n\tat org.openqa.selenium.chrome.ChromeDriver.<init>(ChromeDriver.java:51)\r\n\tat com.automation.driver.manager.ChromeDriverManager.createDriver(ChromeDriverManager.java:10)\r\n\tat com.automation.driver.factory.DriverFactory.createInstance(DriverFactory.java:18)\r\n\tat Hooks.setup(Hooks.java:20)\r\nCaused by: org.openqa.selenium.WebDriverException: Command failed with code: 65, executed: [--browser, chrome, --output, json]\nerror sending request for url (https://googlechromelabs.github.io/chrome-for-testing/known-good-versions-with-downloads.json): error trying to connect: dns error: No such host is known. (os error 11001)\nBuild info: version: '4.12.1', revision: '8e34639b11'\nSystem info: os.name: 'Windows 10', os.arch: 'amd64', os.version: '10.0', java.version: '22.0.2'\nDriver info: driver.version: ChromeDriver\r\n\tat org.openqa.selenium.manager.SeleniumManager.runCommand(SeleniumManager.java:144)\r\n\tat org.openqa.selenium.manager.SeleniumManager.getDriverPath(SeleniumManager.java:299)\r\n\tat org.openqa.selenium.remote.service.DriverFinder.getPath(DriverFinder.java:22)\r\n\tat org.openqa.selenium.remote.service.DriverFinder.getPath(DriverFinder.java:13)\r\n\tat org.openqa.selenium.chrome.ChromeDriver.generateExecutor(ChromeDriver.java:99)\r\n\tat org.openqa.selenium.chrome.ChromeDriver.<init>(ChromeDriver.java:88)\r\n\tat org.openqa.selenium.chrome.ChromeDriver.<init>(ChromeDriver.java:83)\r\n\tat org.openqa.selenium.chrome.ChromeDriver.<init>(ChromeDriver.java:51)\r\n\tat com.automation.driver.manager.ChromeDriverManager.createDriver(ChromeDriverManager.java:10)\r\n\tat com.automation.driver.factory.DriverFactory.createInstance(DriverFactory.java:18)\r\n\tat Hooks.setup(Hooks.java:20)\r\n\tat java.base/jdk.internal.reflect.DirectMethodHandleAccessor.invoke(DirectMethodHandleAccessor.java:103)\r\n\tat java.base/java.lang.reflect.Method.invoke(Method.java:580)\r\n\tat io.cucumber.java.Invoker.doInvoke(Invoker.java:66)\r\n\tat io.cucumber.java.Invoker.invoke(Invoker.java:24)\r\n\tat io.cucumber.java.AbstractGlueDefinition.invokeMethod(AbstractGlueDefinition.java:47)\r\n\tat io.cucumber.java.JavaHookDefinition.execute(JavaHookDefinition.java:64)\r\n\tat io.cucumber.core.runner.CoreHookDefinition.execute(CoreHookDefinition.java:46)\r\n\tat io.cucumber.core.runner.HookDefinitionMatch.runStep(HookDefinitionMatch.java:21)\r\n\tat io.cucumber.core.runner.ExecutionMode$1.execute(ExecutionMode.java:10)\r\n\tat io.cucumber.core.runner.TestStep.executeStep(TestStep.java:81)\r\n\tat io.cucumber.core.runner.TestStep.run(TestStep.java:53)\r\n\tat io.cucumber.core.runner.TestCase.run(TestCase.java:78)\r\n\tat io.cucumber.core.runner.Runner.runPickle(Runner.java:75)\r\n\tat io.cucumber.junit.PickleRunners$NoStepDescriptions.lambda$run$0(PickleRunners.java:151)\r\n\tat io.cucumber.core.runtime.CucumberExecutionContext.lambda$runTestCase$5(CucumberExecutionContext.java:136)\r\n\tat io.cucumber.core.runtime.RethrowingThrowableCollector.executeAndThrow(RethrowingThrowableCollector.java:23)\r\n\tat io.cucumber.core.runtime.CucumberExecutionContext.runTestCase(CucumberExecutionContext.java:136)\r\n\tat io.cucumber.junit.PickleRunners$NoStepDescriptions.run(PickleRunners.java:148)\r\n\tat io.cucumber.junit.FeatureRunner.runChild(FeatureRunner.java:144)\r\n\tat io.cucumber.junit.FeatureRunner.runChild(FeatureRunner.java:28)\r\n\tat org.junit.runners.ParentRunner$4.run(ParentRunner.java:331)\r\n\tat org.junit.runners.ParentRunner$1.schedule(ParentRunner.java:79)\r\n\tat org.junit.runners.ParentRunner.runChildren(ParentRunner.java:329)\r\n\tat org.junit.runners.ParentRunner.access$100(ParentRunner.java:66)\r\n\tat org.junit.runners.ParentRunner$2.evaluate(ParentRunner.java:293)\r\n\tat org.junit.runners.ParentRunner$3.evaluate(ParentRunner.java:306)\r\n\tat org.junit.runners.ParentRunner.run(ParentRunner.java:413)\r\n\tat io.cucumber.junit.FeatureRunner.run(FeatureRunner.java:137)\r\n\tat io.cucumber.junit.Cucumber.runChild(Cucumber.java:196)\r\n\tat io.cucumber.junit.Cucumber.runChild(Cucumber.java:89)\r\n\tat org.junit.runners.ParentRunner$4.run(ParentRunner.java:331)\r\n\tat org.junit.runners.ParentRunner$1.schedule(ParentRunner.java:79)\r\n\tat org.junit.runners.ParentRunner.runChildren(ParentRunner.java:329)\r\n\tat org.junit.runners.ParentRunner.access$100(ParentRunner.java:66)\r\n\tat org.junit.runners.ParentRunner$2.evaluate(ParentRunner.java:293)\r\n\tat io.cucumber.core.runtime.CucumberExecutionContext.lambda$runFeatures$6(CucumberExecutionContext.java:147)\r\n\tat io.cucumber.core.runtime.CucumberExecutionContext.execute(CucumberExecutionContext.java:162)\r\n\tat io.cucumber.core.runtime.CucumberExecutionContext.runFeatures(CucumberExecutionContext.java:145)\r\n\tat io.cucumber.junit.Cucumber$StartAndFinishTestRun.evaluate(Cucumber.java:226)\r\n\tat org.junit.runners.ParentRunner$3.evaluate(ParentRunner.java:306)\r\n\tat org.junit.runners.ParentRunner.run(ParentRunner.java:413)\r\n\tat org.junit.runner.JUnitCore.run(JUnitCore.java:137)\r\n\tat com.intellij.junit4.JUnit4IdeaTestRunner.startRunnerWithArgs(JUnit4IdeaTestRunner.java:69)\r\n\tat com.intellij.rt.junit.IdeaTestRunner$Repeater$1.execute(IdeaTestRunner.java:38)\r\n\tat com.intellij.rt.execution.junit.TestsRepeater.repeat(TestsRepeater.java:11)\r\n\tat com.intellij.rt.junit.IdeaTestRunner$Repeater.startRunnerWithArgs(IdeaTestRunner.java:35)\r\n\tat com.intellij.rt.junit.JUnitStarter.prepareStreamsAndStart(JUnitStarter.java:232)\r\n\tat com.intellij.rt.junit.JUnitStarter.main(JUnitStarter.java:55)\r\n","duration":2846023100,"status":"failed"},"match":{"location":"Hooks.setup()"}}],"line":13,"name":"User with invalid credentials","description":"","id":"login;user-with-invalid-credentials","after":[{"result":{"error_message":"java.lang.NullPointerException: Cannot invoke \"org.openqa.selenium.WebDriver.quit()\" because \"this.driver\" is null\r\n\tat Hooks.closure(Hooks.java:34)\r\n","status":"failed"},"match":{"location":"Hooks.closure()"}}],"type":"scenario","keyword":"Scenario","steps":[{"result":{"status":"skipped"},"before":[{"result":{"status":"skipped"},"match":{"location":"com.automation.stepdefinitions.LoginStepdefs.startup(io.cucumber.java.Scenario)"}},{"result":{"status":"skipped"},"match":{"location":"com.automation.stepdefinitions.RegisterStepdefs.startup(io.cucumber.java.Scenario)"}}],"line":14,"name":"I have the parabank website URL","match":{"location":"com.automation.stepdefinitions.LoginStepdefs.iHaveTheParabankWebsiteURL()"},"keyword":"Given "},{"result":{"status":"skipped"},"before":[{"result":{"status":"skipped"},"match":{"location":"com.automation.stepdefinitions.LoginStepdefs.startup(io.cucumber.java.Scenario)"}},{"result":{"status":"skipped"},"match":{"location":"com.automation.stepdefinitions.RegisterStepdefs.startup(io.cucumber.java.Scenario)"}}],"line":15,"name":"I enter the username as \"mavusana\"","match":{"arguments":[{"val":"\"mavusana\"","offset":24}],"location":"com.automation.stepdefinitions.LoginStepdefs.iEnterTheUsernameAs(java.lang.String)"},"keyword":"When "},{"result":{"status":"skipped"},"before":[{"result":{"status":"skipped"},"match":{"location":"com.automation.stepdefinitions.LoginStepdefs.startup(io.cucumber.java.Scenario)"}},{"result":{"status":"skipped"},"match":{"location":"com.automation.stepdefinitions.RegisterStepdefs.startup(io.cucumber.java.Scenario)"}}],"line":16,"name":"I enter the password as \"tele\"","match":{"arguments":[{"val":"\"tele\"","offset":24}],"location":"com.automation.stepdefinitions.LoginStepdefs.iEnterThePasswordAs(java.lang.String)"},"keyword":"And "},{"result":{"status":"skipped"},"before":[{"result":{"status":"skipped"},"match":{"location":"com.automation.stepdefinitions.LoginStepdefs.startup(io.cucumber.java.Scenario)"}},{"result":{"status":"skipped"},"match":{"location":"com.automation.stepdefinitions.RegisterStepdefs.startup(io.cucumber.java.Scenario)"}}],"line":17,"name":"I click the login button","match":{"location":"com.automation.stepdefinitions.LoginStepdefs.iClickTheLoginButton()"},"keyword":"And "},{"result":{"status":"skipped"},"before":[{"result":{"status":"skipped"},"match":{"location":"com.automation.stepdefinitions.LoginStepdefs.startup(io.cucumber.java.Scenario)"}},{"result":{"status":"skipped"},"match":{"location":"com.automation.stepdefinitions.RegisterStepdefs.startup(io.cucumber.java.Scenario)"}}],"line":18,"name":"The system displays the error page","match":{"location":"com.automation.stepdefinitions.LoginStepdefs.verifyErrorPage()"},"keyword":"Then "},{"result":{"status":"skipped"},"before":[{"result":{"status":"skipped"},"match":{"location":"com.automation.stepdefinitions.LoginStepdefs.startup(io.cucumber.java.Scenario)"}},{"result":{"status":"skipped"},"match":{"location":"com.automation.stepdefinitions.RegisterStepdefs.startup(io.cucumber.java.Scenario)"}}],"line":19,"name":"the system displays error message \"Error!\"","match":{"arguments":[{"val":"\"Error!\"","offset":34}],"location":"com.automation.stepdefinitions.LoginStepdefs.ValidateErrorMessage(java.lang.String)"},"keyword":"And "}],"tags":[{"name":"@login"},{"name":"@smoke"},{"name":"@regression"}]}],"name":"Login","description":"","id":"login","keyword":"Feature","uri":"file:src/test/resources/features/login.feature","tags":[{"name":"@login","type":"Tag","location":{"line":1,"column":1}},{"name":"@smoke","type":"Tag","location":{"line":1,"column":8}},{"name":"@regression","type":"Tag","location":{"line":1,"column":15}}]}]